[LOW] ppio.com (80),www.ppio.com (80) (/C=US/CN=R11/O=Let's Encrypt)
[LOW] epio.ro (80) (/C=US/CN=R11/O=Let's Encrypt)
[LOW] epio.ro (80) (/C=US/CN=R11/O=Let's Encrypt)
[LOW] epio.ro (80) (/C=US/CN=R11/O=Let's Encrypt)
[LOW] epio.ro (80) (/C=US/CN=R11/O=Let's Encrypt)
[LOW] epio.ro (80) (/C=US/CN=R11/O=Let's Encrypt)
[MEDIUM] ipepio.workers.dev (83),*.ipepio.workers.dev (83) (/C=US/CN=WE1/O=Google Trust Services)
[MEDIUM] ipepio.workers.dev (83),*.ipepio.workers.dev (83) (/C=US/CN=WE1/O=Google Trust Services)
[LOW] shop.pepisto.de (92) (/C=US/CN=R11/O=Let's Encrypt)
[LOW] shop.pepisto.de (92) (/C=US/CN=R11/O=Let's Encrypt)
[LOW] pepzio.com (83) (/C=US/CN=R11/O=Let's Encrypt)
[LOW] pepzio.com (83) (/C=US/CN=R11/O=Let's Encrypt)
[LOW] pepita.trendi-cuccok.hu (83),www.pepita.trendi-cuccok.hu (83) (/C=US/CN=R10/O=Let's Encrypt)
[LOW] pepita.trendi-cuccok.hu (83),www.pepita.trendi-cuccok.hu (83) (/C=US/CN=R10/O=Let's Encrypt)
[LOW] pepita.trendi-cuccok.hu (83),www.pepita.trendi-cuccok.hu (83) (/C=US/CN=R10/O=Let's Encrypt)
[LOW] pepita.trendi-cuccok.hu (83),www.pepita.trendi-cuccok.hu (83) (/C=US/CN=R10/O=Let's Encrypt)
[LOW] pepita.trendi-cuccok.hu (83),www.pepita.trendi-cuccok.hu (83) (/C=US/CN=R10/O=Let's Encrypt)
[LOW] pepita.trendi-cuccok.hu (83),www.pepita.trendi-cuccok.hu (83) (/C=US/CN=R10/O=Let's Encrypt)
[LOW] sipepito.id (85),www.sipepito.id (85) (/C=US/CN=Go Daddy Secure Certificate Authority - G2/L=Scottsdale/O=GoDaddy.com, Inc./OU=http://certs.godaddy.com/repository/)
[LOW] sipepito.id (85),*.sipepito.id (85) (/C=US/CN=WE1/O=Google Trust Services)
[LOW] sipepito.id (85),*.sipepito.id (85) (/C=US/CN=WE1/O=Google Trust Services)
[LOW] pepzio.com (83) (/C=US/CN=R11/O=Let's Encrypt)
[LOW] pepzio.com (83) (/C=US/CN=R11/O=Let's Encrypt)
[LOW] pecito.com (83) (/C=US/CN=R11/O=Let's Encrypt)
[LOW] pepzio.com (83) (/C=US/CN=R11/O=Let's Encrypt)
[LOW] pepito.sulaimaneltaha.com (100) (/C=US/CN=R11/O=Let's Encrypt)
[LOW] pepito.sulaimaneltaha.com (100) (/C=US/CN=R11/O=Let's Encrypt)
[LOW] peptio.com (83) (/C=US/CN=R11/O=Let's Encrypt)
[HIGH] ww25.papito.me (83) (/C=US/CN=R11/O=Let's Encrypt)
[HIGH] ww25.papito.me (83) (/C=US/CN=R11/O=Let's Encrypt)
[HIGH] ww25.papito.me (83) (/C=US/CN=R11/O=Let's Encrypt)
[LOW] pepo.com (80) (/C=US/CN=R10/O=Let's Encrypt)
[LOW] pepo.com (80) (/C=US/CN=R10/O=Let's Encrypt)
[LOW] pepo.com (80) (/C=US/CN=R10/O=Let's Encrypt)
[HIGH] ww25.papito.me (83) (/C=US/CN=R11/O=Let's Encrypt)
[LOW] pepo.com (80) (/C=US/CN=R10/O=Let's Encrypt)
[LOW] pepo.com (80) (/C=US/CN=R10/O=Let's Encrypt)
[LOW] epio.no (80) (/C=US/CN=R11/O=Let's Encrypt)
[LOW] autodiscover.peto.com.do (80),peto.do (80),peto.net.do (80),peto.sits-dh.com (80),www.peto.do (80),www.peto.net.do (80),www.peto.sits-dh.com (80) (/C=US/CN=R10/O=Let's Encrypt)
[LOW] supersets.pepi.pl (80) (/C=US/CN=R11/O=Let's Encrypt)
[LOW] supersets.pepi.pl (80) (/C=US/CN=R11/O=Let's Encrypt)
[LOW] supersets.pepi.pl (80) (/C=US/CN=R11/O=Let's Encrypt)
[LOW] mail.pepi.bg (80),pepi.bg (80),www.pepi.bg (80) (/C=US/CN=R10/O=Let's Encrypt)
[LOW] alexelalah.prepit.com (83) (/C=US/CN=R11/O=Let's Encrypt)
[LOW] supersets.pepi.pl (80) (/C=US/CN=R11/O=Let's Encrypt)
[LOW] supersets.pepi.pl (80) (/C=US/CN=R11/O=Let's Encrypt)
